<?xml version="1.0" encoding="UTF-8"?>
<testsuite xmlns:xsi="http://www.w3.org/2001/XMLSchema-instance" xsi:noNamespaceSchemaLocation="https://maven.apache.org/surefire/maven-surefire-plugin/xsd/surefire-test-report-3.0.xsd" version="3.0" name="hu.unideb.inf.recept_gyujtemeny.ReceptGyujtemenyApplicationTests" time="2.584" tests="1" errors="0" skipped="0" failures="0">
  <properties>
[...]
</properties>
  <testcase name="contextLoads" classname="hu.unideb.inf.recept_gyujtemeny.ReceptGyujtemenyApplicationTests" time="0.361">
    <system-out><![CDATA[20:22:53.342 [main] INFO org.springframework.test.context.support.AnnotationConfigContextLoaderUtils -- Could not detect default configuration classes for test class [hu.unideb.inf.recept_gyujtemeny.ReceptGyujtemenyApplicationTests]: ReceptGyujtemenyApplicationTests does not declare any static, non-private, non-final, nested classes annotated with @Configuration.
20:22:53.392 [main] INFO org.springframework.boot.test.context.SpringBootTestContextBootstrapper -- Found @SpringBootConfiguration hu.unideb.inf.recept_gyujtemeny.ReceptGyujtemenyApplication for test class hu.unideb.inf.recept_gyujtemeny.ReceptGyujtemenyApplicationTests

  .   ____          _            __ _ _
 /\\ / ___'_ __ _ _(_)_ __  __ _ \ \ \ \
( ( )\___ | '_ | '_| | '_ \/ _` | \ \ \ \
 \\/  ___)| |_)| | | | | || (_| |  ) ) ) )
  '  |____| .__|_| |_|_| |_\__, | / / / /
 =========|_|==============|___/=/_/_/_/

 :: Spring Boot ::                (v3.3.4)

2024-12-17T20:22:53.568+01:00  INFO 75630 --- [recept_gyujtemeny] [           main] h.u.i.r.ReceptGyujtemenyApplicationTests : Starting ReceptGyujtemenyApplicationTests using Java 21.0.2 with PID 75630 (started by fanni in /Users/fanni/Documents/WebFej/webfejlproject/recept_gyujtemeny)
2024-12-17T20:22:53.569+01:00  INFO 75630 --- [recept_gyujtemeny] [           main] h.u.i.r.ReceptGyujtemenyApplicationTests : No active profile set, falling back to 1 default profile: "default"
2024-12-17T20:22:53.862+01:00  INFO 75630 --- [recept_gyujtemeny] [           main] .s.d.r.c.RepositoryConfigurationDelegate : Bootstrapping Spring Data JPA repositories in DEFAULT mode.
2024-12-17T20:22:53.895+01:00  INFO 75630 --- [recept_gyujtemeny] [           main] .s.d.r.c.RepositoryConfigurationDelegate : Finished Spring Data repository scanning in 29 ms. Found 4 JPA repository interfaces.
2024-12-17T20:22:54.132+01:00  INFO 75630 --- [recept_gyujtemeny] [           main] o.hibernate.jpa.internal.util.LogHelper  : HHH000204: Processing PersistenceUnitInfo [name: default]
2024-12-17T20:22:54.160+01:00  INFO 75630 --- [recept_gyujtemeny] [           main] org.hibernate.Version                    : HHH000412: Hibernate ORM core version 6.5.3.Final
2024-12-17T20:22:54.176+01:00  INFO 75630 --- [recept_gyujtemeny] [           main] o.h.c.internal.RegionFactoryInitiator    : HHH000026: Second-level cache disabled
2024-12-17T20:22:54.321+01:00  INFO 75630 --- [recept_gyujtemeny] [           main] o.s.o.j.p.SpringPersistenceUnitInfo      : No LoadTimeWeaver setup: ignoring JPA class transformer
2024-12-17T20:22:54.333+01:00  INFO 75630 --- [recept_gyujtemeny] [           main] com.zaxxer.hikari.HikariDataSource       : HikariPool-1 - Starting...
2024-12-17T20:22:54.439+01:00  INFO 75630 --- [recept_gyujtemeny] [           main] com.zaxxer.hikari.pool.HikariPool        : HikariPool-1 - Added connection conn0: url=jdbc:h2:mem:testdb user=SA
2024-12-17T20:22:54.439+01:00  INFO 75630 --- [recept_gyujtemeny] [           main] com.zaxxer.hikari.HikariDataSource       : HikariPool-1 - Start completed.
2024-12-17T20:22:54.940+01:00  INFO 75630 --- [recept_gyujtemeny] [           main] o.h.e.t.j.p.i.JtaPlatformInitiator       : HHH000489: No JTA platform available (set 'hibernate.transaction.jta.platform' to enable JTA platform integration)
Hibernate: drop table if exists felhasznalo cascade 
Hibernate: drop table if exists felhasznalo_jogosultsagok cascade 
Hibernate: drop table if exists jogosultsagok cascade 
Hibernate: drop table if exists komment cascade 
Hibernate: drop table if exists receptek cascade 
Hibernate: drop sequence if exists felhasznalo_seq
Hibernate: drop sequence if exists jogosultsagok_seq
Hibernate: drop sequence if exists komment_seq
Hibernate: drop sequence if exists receptek_seq
Hibernate: create sequence felhasznalo_seq start with 1 increment by 50
Hibernate: create sequence jogosultsagok_seq start with 1 increment by 50
Hibernate: create sequence komment_seq start with 1 increment by 50
Hibernate: create sequence receptek_seq start with 1 increment by 50
Hibernate: create table felhasznalo (id bigint not null, felh_nev varchar(255), jelszo varchar(255), telj_nev varchar(255), primary key (id))
Hibernate: create table felhasznalo_jogosultsagok (felhasznalo_id bigint not null, jogosultsag_id bigint not null)
Hibernate: create table jogosultsagok (id bigint not null, nev varchar(255), primary key (id))
Hibernate: create table komment (felhasznalo_id bigint, id bigint not null, letr_datum timestamp(6), recept_id bigint, tartalom varchar(255), primary key (id))
Hibernate: create table receptek (adag integer, felhasznalo_id bigint, feltoltes_datum timestamp(6), id bigint not null, cim varchar(255), hozzavalok varchar(255), leiras varchar(255), primary key (id))
Hibernate: alter table if exists felhasznalo_jogosultsagok add constraint FK7eyliopb8gdho6kknf596ta4k foreign key (jogosultsag_id) references jogosultsagok
Hibernate: alter table if exists felhasznalo_jogosultsagok add constraint FKbog8aon0cfsw0b9lb55jqlruh foreign key (felhasznalo_id) references felhasznalo
Hibernate: alter table if exists komment add constraint FK1t33hobihlrbx0h08b44kwdp4 foreign key (felhasznalo_id) references felhasznalo
Hibernate: alter table if exists komment add constraint FKgs3xgkhdy2559qsbfsctaikr0 foreign key (recept_id) references receptek
Hibernate: alter table if exists receptek add constraint FK1t6lc3n99l02bhlswyxwi65y6 foreign key (felhasznalo_id) references felhasznalo
2024-12-17T20:22:54.977+01:00  INFO 75630 --- [recept_gyujtemeny] [           main] j.LocalContainerEntityManagerFactoryBean : Initialized JPA EntityManagerFactory for persistence unit 'default'
2024-12-17T20:22:55.175+01:00  INFO 75630 --- [recept_gyujtemeny] [           main] eAuthenticationProviderManagerConfigurer : Global AuthenticationManager configured with AuthenticationProvider bean with name authenticationProvider
2024-12-17T20:22:55.187+01:00  WARN 75630 --- [recept_gyujtemeny] [           main] JpaBaseConfiguration$JpaWebConfiguration : spring.jpa.open-in-view is enabled by default. Therefore, database queries may be performed during view rendering. Explicitly configure spring.jpa.open-in-view to disable this warning
2024-12-17T20:22:55.434+01:00  INFO 75630 --- [recept_gyujtemeny] [           main] o.s.b.a.h2.H2ConsoleAutoConfiguration    : H2 console available at '/h2'. Database available at 'jdbc:h2:mem:testdb'
2024-12-17T20:22:55.465+01:00  INFO 75630 --- [recept_gyujtemeny] [           main] h.u.i.r.ReceptGyujtemenyApplicationTests : Started ReceptGyujtemenyApplicationTests in 2.005 seconds (process running for 2.465)
]]></system-out>
    <system-err><![CDATA[WARNING: A Java agent has been loaded dynamically (/Users/fanni/.m2/repository/net/bytebuddy/byte-buddy-agent/1.14.19/byte-buddy-agent-1.14.19.jar)
WARNING: If a serviceability tool is in use, please run with -XX:+EnableDynamicAgentLoading to hide this warning
WARNING: If a serviceability tool is not in use, please run with -Djdk.instrument.traceUsage for more information
WARNING: Dynamic loading of agents will be disallowed by default in a future release
]]></system-err>
  </testcase>
</testsuite>